[2024-05-18 12:08:40,378] torch.distributed.run: [WARNING] 
[2024-05-18 12:08:40,378] torch.distributed.run: [WARNING] *****************************************
[2024-05-18 12:08:40,378] torch.distributed.run: [WARNING] Setting OMP_NUM_THREADS environment variable for each process to be 1 in default, to avoid your system being overloaded, please further tune the variable for optimal performance in your application as needed. 
[2024-05-18 12:08:40,378] torch.distributed.run: [WARNING] *****************************************
/projects/p32301/DNABERT/gcc9_env/lib/python3.11/site-packages/torch/cuda/__init__.py:141: UserWarning: CUDA initialization: CUDA driver initialization failed, you might not have a CUDA gpu. (Triggered internally at ../c10/cuda/CUDAFunctions.cpp:108.)
  return torch._C._cuda_getDeviceCount() > 0
/projects/p32301/DNABERT/gcc9_env/lib/python3.11/site-packages/torch/cuda/__init__.py:141: UserWarning: CUDA initialization: CUDA driver initialization failed, you might not have a CUDA gpu. (Triggered internally at ../c10/cuda/CUDAFunctions.cpp:108.)
  return torch._C._cuda_getDeviceCount() > 0
/projects/p32301/DNABERT/gcc9_env/lib/python3.11/site-packages/torch/cuda/__init__.py:141: UserWarning: CUDA initialization: CUDA driver initialization failed, you might not have a CUDA gpu. (Triggered internally at ../c10/cuda/CUDAFunctions.cpp:108.)
  return torch._C._cuda_getDeviceCount() > 0
/projects/p32301/DNABERT/gcc9_env/lib/python3.11/site-packages/torch/cuda/__init__.py:141: UserWarning: CUDA initialization: CUDA driver initialization failed, you might not have a CUDA gpu. (Triggered internally at ../c10/cuda/CUDAFunctions.cpp:108.)
  return torch._C._cuda_getDeviceCount() > 0
/projects/p32301/DNABERT/gcc9_env/lib/python3.11/site-packages/accelerate/state.py:259: UserWarning: OMP_NUM_THREADS/MKL_NUM_THREADS unset, we set it at 16 to improve oob performance.
  warnings.warn(
/projects/p32301/DNABERT/gcc9_env/lib/python3.11/site-packages/accelerate/state.py:259: UserWarning: OMP_NUM_THREADS/MKL_NUM_THREADS unset, we set it at 16 to improve oob performance.
  warnings.warn(
/projects/p32301/DNABERT/gcc9_env/lib/python3.11/site-packages/accelerate/state.py:259: UserWarning: OMP_NUM_THREADS/MKL_NUM_THREADS unset, we set it at 16 to improve oob performance.
  warnings.warn(
/projects/p32301/DNABERT/gcc9_env/lib/python3.11/site-packages/accelerate/state.py:259: UserWarning: OMP_NUM_THREADS/MKL_NUM_THREADS unset, we set it at 16 to improve oob performance.
  warnings.warn(
Using the `WANDB_DISABLED` environment variable is deprecated and will be removed in v5. Use the --report_to flag to control the integrations used for logging result (for instance --report_to none).
Using the `WANDB_DISABLED` environment variable is deprecated and will be removed in v5. Use the --report_to flag to control the integrations used for logging result (for instance --report_to none).
Using the `WANDB_DISABLED` environment variable is deprecated and will be removed in v5. Use the --report_to flag to control the integrations used for logging result (for instance --report_to none).
Using the `WANDB_DISABLED` environment variable is deprecated and will be removed in v5. Use the --report_to flag to control the integrations used for logging result (for instance --report_to none).
Using custom data configuration default-d4501b9ae2e674eb
Loading Dataset Infos from /projects/p32301/DNABERT/gcc9_env/lib/python3.11/site-packages/datasets/packaged_modules/text
Overwrite dataset info from restored data version if exists.
Loading Dataset info from /home/ysj6764/.cache/huggingface/datasets/text/default-d4501b9ae2e674eb/0.0.0/c4a140d10f020282918b5dd1b8a49f0104729c6177f60a6b49ec2a365ec69f34
Found cached dataset text (/home/ysj6764/.cache/huggingface/datasets/text/default-d4501b9ae2e674eb/0.0.0/c4a140d10f020282918b5dd1b8a49f0104729c6177f60a6b49ec2a365ec69f34)
Loading Dataset info from /home/ysj6764/.cache/huggingface/datasets/text/default-d4501b9ae2e674eb/0.0.0/c4a140d10f020282918b5dd1b8a49f0104729c6177f60a6b49ec2a365ec69f34
[INFO|configuration_utils.py:724] 2024-05-18 12:10:20,239 >> loading configuration file /projects/p32301/DNABERT/DNABERT-2-117M/config.json
[INFO|configuration_utils.py:724] 2024-05-18 12:10:20,322 >> loading configuration file /projects/p32301/DNABERT/DNABERT-2-117M/config.json
[INFO|configuration_utils.py:789] 2024-05-18 12:10:20,322 >> Model config BertConfig {
  "_name_or_path": "/projects/p32301/DNABERT/DNABERT-2-117M",
  "alibi_starting_size": 512,
  "attention_probs_dropout_prob": 0.0,
  "auto_map": {
    "AutoConfig": "configuration_bert.BertConfig",
    "AutoModel": "bert_layers.BertModel",
    "AutoModelForMaskedLM": "bert_layers.BertForMaskedLM",
    "AutoModelForSequenceClassification": "bert_layers.BertForSequenceClassification"
  },
  "classifier_dropout": null,
  "gradient_checkpointing": false,
  "hidden_act": "gelu",
  "hidden_dropout_prob": 0.1,
  "hidden_size": 768,
  "initializer_range": 0.02,
  "intermediate_size": 3072,
  "layer_norm_eps": 1e-12,
  "max_position_embeddings": 512,
  "num_attention_heads": 12,
  "num_hidden_layers": 12,
  "position_embedding_type": "absolute",
  "torch_dtype": "float32",
  "transformers_version": "4.39.3",
  "type_vocab_size": 2,
  "use_cache": true,
  "vocab_size": 4096
}

[INFO|tokenization_utils_base.py:2084] 2024-05-18 12:10:20,549 >> loading file tokenizer.json from cache at /home/ysj6764/.cache/huggingface/hub/models--zhihan1996--DNABERT-2-117M/snapshots/d064dece8a8b41d9fb8729fbe3435278786931f1/tokenizer.json
[INFO|tokenization_utils_base.py:2084] 2024-05-18 12:10:20,549 >> loading file added_tokens.json from cache at None
[INFO|tokenization_utils_base.py:2084] 2024-05-18 12:10:20,549 >> loading file special_tokens_map.json from cache at None
[INFO|tokenization_utils_base.py:2084] 2024-05-18 12:10:20,549 >> loading file tokenizer_config.json from cache at /home/ysj6764/.cache/huggingface/hub/models--zhihan1996--DNABERT-2-117M/snapshots/d064dece8a8b41d9fb8729fbe3435278786931f1/tokenizer_config.json
[INFO|modeling_utils.py:3280] 2024-05-18 12:10:21,608 >> loading weights file /projects/p32301/DNABERT/models/dnabert2_pretrain_debug_200K/checkpoint-10000/model.safetensors
[INFO|configuration_utils.py:928] 2024-05-18 12:10:23,990 >> Generate config GenerationConfig {}

/home/ysj6764/.cache/huggingface/modules/transformers_modules/checkpoint-10000/bert_layers.py:126: UserWarning: Unable to import Triton; defaulting MosaicBERT attention implementation to pytorch (this will reduce throughput when using this model).
  warnings.warn(
/home/ysj6764/.cache/huggingface/modules/transformers_modules/checkpoint-10000/bert_layers.py:126: UserWarning: Unable to import Triton; defaulting MosaicBERT attention implementation to pytorch (this will reduce throughput when using this model).
  warnings.warn(
/home/ysj6764/.cache/huggingface/modules/transformers_modules/checkpoint-10000/bert_layers.py:126: UserWarning: Unable to import Triton; defaulting MosaicBERT attention implementation to pytorch (this will reduce throughput when using this model).
  warnings.warn(
/home/ysj6764/.cache/huggingface/modules/transformers_modules/checkpoint-10000/bert_layers.py:126: UserWarning: Unable to import Triton; defaulting MosaicBERT attention implementation to pytorch (this will reduce throughput when using this model).
  warnings.warn(
[INFO|modeling_utils.py:4024] 2024-05-18 12:10:28,649 >> All model checkpoint weights were used when initializing BertForMaskedLM.

[INFO|modeling_utils.py:4032] 2024-05-18 12:10:28,650 >> All the weights of BertForMaskedLM were initialized from the model checkpoint at /projects/p32301/DNABERT/models/dnabert2_pretrain_debug_200K/checkpoint-10000.
If your task is similar to the task the model of the checkpoint was trained on, you can already use BertForMaskedLM for predictions without further training.
[INFO|configuration_utils.py:881] 2024-05-18 12:10:28,656 >> loading configuration file /projects/p32301/DNABERT/models/dnabert2_pretrain_debug_200K/checkpoint-10000/generation_config.json
[INFO|configuration_utils.py:928] 2024-05-18 12:10:28,657 >> Generate config GenerationConfig {}

Process #0 will write at /home/ysj6764/.cache/huggingface/datasets/text/default-d4501b9ae2e674eb/0.0.0/c4a140d10f020282918b5dd1b8a49f0104729c6177f60a6b49ec2a365ec69f34/cache-ff2f8974fe5d8f22_00000_of_00024.arrow
Process #1 will write at /home/ysj6764/.cache/huggingface/datasets/text/default-d4501b9ae2e674eb/0.0.0/c4a140d10f020282918b5dd1b8a49f0104729c6177f60a6b49ec2a365ec69f34/cache-ff2f8974fe5d8f22_00001_of_00024.arrow
Process #2 will write at /home/ysj6764/.cache/huggingface/datasets/text/default-d4501b9ae2e674eb/0.0.0/c4a140d10f020282918b5dd1b8a49f0104729c6177f60a6b49ec2a365ec69f34/cache-ff2f8974fe5d8f22_00002_of_00024.arrow
Process #3 will write at /home/ysj6764/.cache/huggingface/datasets/text/default-d4501b9ae2e674eb/0.0.0/c4a140d10f020282918b5dd1b8a49f0104729c6177f60a6b49ec2a365ec69f34/cache-ff2f8974fe5d8f22_00003_of_00024.arrow
Process #4 will write at /home/ysj6764/.cache/huggingface/datasets/text/default-d4501b9ae2e674eb/0.0.0/c4a140d10f020282918b5dd1b8a49f0104729c6177f60a6b49ec2a365ec69f34/cache-ff2f8974fe5d8f22_00004_of_00024.arrow
Process #5 will write at /home/ysj6764/.cache/huggingface/datasets/text/default-d4501b9ae2e674eb/0.0.0/c4a140d10f020282918b5dd1b8a49f0104729c6177f60a6b49ec2a365ec69f34/cache-ff2f8974fe5d8f22_00005_of_00024.arrow
Process #6 will write at /home/ysj6764/.cache/huggingface/datasets/text/default-d4501b9ae2e674eb/0.0.0/c4a140d10f020282918b5dd1b8a49f0104729c6177f60a6b49ec2a365ec69f34/cache-ff2f8974fe5d8f22_00006_of_00024.arrow
Process #7 will write at /home/ysj6764/.cache/huggingface/datasets/text/default-d4501b9ae2e674eb/0.0.0/c4a140d10f020282918b5dd1b8a49f0104729c6177f60a6b49ec2a365ec69f34/cache-ff2f8974fe5d8f22_00007_of_00024.arrow
Process #8 will write at /home/ysj6764/.cache/huggingface/datasets/text/default-d4501b9ae2e674eb/0.0.0/c4a140d10f020282918b5dd1b8a49f0104729c6177f60a6b49ec2a365ec69f34/cache-ff2f8974fe5d8f22_00008_of_00024.arrow
Process #9 will write at /home/ysj6764/.cache/huggingface/datasets/text/default-d4501b9ae2e674eb/0.0.0/c4a140d10f020282918b5dd1b8a49f0104729c6177f60a6b49ec2a365ec69f34/cache-ff2f8974fe5d8f22_00009_of_00024.arrow
Process #10 will write at /home/ysj6764/.cache/huggingface/datasets/text/default-d4501b9ae2e674eb/0.0.0/c4a140d10f020282918b5dd1b8a49f0104729c6177f60a6b49ec2a365ec69f34/cache-ff2f8974fe5d8f22_00010_of_00024.arrow
Process #11 will write at /home/ysj6764/.cache/huggingface/datasets/text/default-d4501b9ae2e674eb/0.0.0/c4a140d10f020282918b5dd1b8a49f0104729c6177f60a6b49ec2a365ec69f34/cache-ff2f8974fe5d8f22_00011_of_00024.arrow
Process #12 will write at /home/ysj6764/.cache/huggingface/datasets/text/default-d4501b9ae2e674eb/0.0.0/c4a140d10f020282918b5dd1b8a49f0104729c6177f60a6b49ec2a365ec69f34/cache-ff2f8974fe5d8f22_00012_of_00024.arrow
Process #13 will write at /home/ysj6764/.cache/huggingface/datasets/text/default-d4501b9ae2e674eb/0.0.0/c4a140d10f020282918b5dd1b8a49f0104729c6177f60a6b49ec2a365ec69f34/cache-ff2f8974fe5d8f22_00013_of_00024.arrow
Process #14 will write at /home/ysj6764/.cache/huggingface/datasets/text/default-d4501b9ae2e674eb/0.0.0/c4a140d10f020282918b5dd1b8a49f0104729c6177f60a6b49ec2a365ec69f34/cache-ff2f8974fe5d8f22_00014_of_00024.arrow
Process #15 will write at /home/ysj6764/.cache/huggingface/datasets/text/default-d4501b9ae2e674eb/0.0.0/c4a140d10f020282918b5dd1b8a49f0104729c6177f60a6b49ec2a365ec69f34/cache-ff2f8974fe5d8f22_00015_of_00024.arrow
Process #16 will write at /home/ysj6764/.cache/huggingface/datasets/text/default-d4501b9ae2e674eb/0.0.0/c4a140d10f020282918b5dd1b8a49f0104729c6177f60a6b49ec2a365ec69f34/cache-ff2f8974fe5d8f22_00016_of_00024.arrow
Process #17 will write at /home/ysj6764/.cache/huggingface/datasets/text/default-d4501b9ae2e674eb/0.0.0/c4a140d10f020282918b5dd1b8a49f0104729c6177f60a6b49ec2a365ec69f34/cache-ff2f8974fe5d8f22_00017_of_00024.arrow
Process #18 will write at /home/ysj6764/.cache/huggingface/datasets/text/default-d4501b9ae2e674eb/0.0.0/c4a140d10f020282918b5dd1b8a49f0104729c6177f60a6b49ec2a365ec69f34/cache-ff2f8974fe5d8f22_00018_of_00024.arrow
Process #19 will write at /home/ysj6764/.cache/huggingface/datasets/text/default-d4501b9ae2e674eb/0.0.0/c4a140d10f020282918b5dd1b8a49f0104729c6177f60a6b49ec2a365ec69f34/cache-ff2f8974fe5d8f22_00019_of_00024.arrow
Process #20 will write at /home/ysj6764/.cache/huggingface/datasets/text/default-d4501b9ae2e674eb/0.0.0/c4a140d10f020282918b5dd1b8a49f0104729c6177f60a6b49ec2a365ec69f34/cache-ff2f8974fe5d8f22_00020_of_00024.arrow
Process #21 will write at /home/ysj6764/.cache/huggingface/datasets/text/default-d4501b9ae2e674eb/0.0.0/c4a140d10f020282918b5dd1b8a49f0104729c6177f60a6b49ec2a365ec69f34/cache-ff2f8974fe5d8f22_00021_of_00024.arrow
Process #22 will write at /home/ysj6764/.cache/huggingface/datasets/text/default-d4501b9ae2e674eb/0.0.0/c4a140d10f020282918b5dd1b8a49f0104729c6177f60a6b49ec2a365ec69f34/cache-ff2f8974fe5d8f22_00022_of_00024.arrow
Process #23 will write at /home/ysj6764/.cache/huggingface/datasets/text/default-d4501b9ae2e674eb/0.0.0/c4a140d10f020282918b5dd1b8a49f0104729c6177f60a6b49ec2a365ec69f34/cache-ff2f8974fe5d8f22_00023_of_00024.arrow
Loading cached processed dataset at /home/ysj6764/.cache/huggingface/datasets/text/default-d4501b9ae2e674eb/0.0.0/c4a140d10f020282918b5dd1b8a49f0104729c6177f60a6b49ec2a365ec69f34/cache-ff2f8974fe5d8f22_*_of_00024.arrow
Concatenating 24 shards
Process #0 will write at /home/ysj6764/.cache/huggingface/datasets/text/default-d4501b9ae2e674eb/0.0.0/c4a140d10f020282918b5dd1b8a49f0104729c6177f60a6b49ec2a365ec69f34/cache-9477d129798a0602_00000_of_00024.arrow
Process #1 will write at /home/ysj6764/.cache/huggingface/datasets/text/default-d4501b9ae2e674eb/0.0.0/c4a140d10f020282918b5dd1b8a49f0104729c6177f60a6b49ec2a365ec69f34/cache-9477d129798a0602_00001_of_00024.arrow
Process #2 will write at /home/ysj6764/.cache/huggingface/datasets/text/default-d4501b9ae2e674eb/0.0.0/c4a140d10f020282918b5dd1b8a49f0104729c6177f60a6b49ec2a365ec69f34/cache-9477d129798a0602_00002_of_00024.arrow
Process #3 will write at /home/ysj6764/.cache/huggingface/datasets/text/default-d4501b9ae2e674eb/0.0.0/c4a140d10f020282918b5dd1b8a49f0104729c6177f60a6b49ec2a365ec69f34/cache-9477d129798a0602_00003_of_00024.arrow
Process #4 will write at /home/ysj6764/.cache/huggingface/datasets/text/default-d4501b9ae2e674eb/0.0.0/c4a140d10f020282918b5dd1b8a49f0104729c6177f60a6b49ec2a365ec69f34/cache-9477d129798a0602_00004_of_00024.arrow
Process #5 will write at /home/ysj6764/.cache/huggingface/datasets/text/default-d4501b9ae2e674eb/0.0.0/c4a140d10f020282918b5dd1b8a49f0104729c6177f60a6b49ec2a365ec69f34/cache-9477d129798a0602_00005_of_00024.arrow
Process #6 will write at /home/ysj6764/.cache/huggingface/datasets/text/default-d4501b9ae2e674eb/0.0.0/c4a140d10f020282918b5dd1b8a49f0104729c6177f60a6b49ec2a365ec69f34/cache-9477d129798a0602_00006_of_00024.arrow
Process #7 will write at /home/ysj6764/.cache/huggingface/datasets/text/default-d4501b9ae2e674eb/0.0.0/c4a140d10f020282918b5dd1b8a49f0104729c6177f60a6b49ec2a365ec69f34/cache-9477d129798a0602_00007_of_00024.arrow
Process #8 will write at /home/ysj6764/.cache/huggingface/datasets/text/default-d4501b9ae2e674eb/0.0.0/c4a140d10f020282918b5dd1b8a49f0104729c6177f60a6b49ec2a365ec69f34/cache-9477d129798a0602_00008_of_00024.arrow
Process #9 will write at /home/ysj6764/.cache/huggingface/datasets/text/default-d4501b9ae2e674eb/0.0.0/c4a140d10f020282918b5dd1b8a49f0104729c6177f60a6b49ec2a365ec69f34/cache-9477d129798a0602_00009_of_00024.arrow
Process #10 will write at /home/ysj6764/.cache/huggingface/datasets/text/default-d4501b9ae2e674eb/0.0.0/c4a140d10f020282918b5dd1b8a49f0104729c6177f60a6b49ec2a365ec69f34/cache-9477d129798a0602_00010_of_00024.arrow
Process #11 will write at /home/ysj6764/.cache/huggingface/datasets/text/default-d4501b9ae2e674eb/0.0.0/c4a140d10f020282918b5dd1b8a49f0104729c6177f60a6b49ec2a365ec69f34/cache-9477d129798a0602_00011_of_00024.arrow
Process #12 will write at /home/ysj6764/.cache/huggingface/datasets/text/default-d4501b9ae2e674eb/0.0.0/c4a140d10f020282918b5dd1b8a49f0104729c6177f60a6b49ec2a365ec69f34/cache-9477d129798a0602_00012_of_00024.arrow
Process #13 will write at /home/ysj6764/.cache/huggingface/datasets/text/default-d4501b9ae2e674eb/0.0.0/c4a140d10f020282918b5dd1b8a49f0104729c6177f60a6b49ec2a365ec69f34/cache-9477d129798a0602_00013_of_00024.arrow
Process #14 will write at /home/ysj6764/.cache/huggingface/datasets/text/default-d4501b9ae2e674eb/0.0.0/c4a140d10f020282918b5dd1b8a49f0104729c6177f60a6b49ec2a365ec69f34/cache-9477d129798a0602_00014_of_00024.arrow
Process #15 will write at /home/ysj6764/.cache/huggingface/datasets/text/default-d4501b9ae2e674eb/0.0.0/c4a140d10f020282918b5dd1b8a49f0104729c6177f60a6b49ec2a365ec69f34/cache-9477d129798a0602_00015_of_00024.arrow
Process #16 will write at /home/ysj6764/.cache/huggingface/datasets/text/default-d4501b9ae2e674eb/0.0.0/c4a140d10f020282918b5dd1b8a49f0104729c6177f60a6b49ec2a365ec69f34/cache-9477d129798a0602_00016_of_00024.arrow
Process #17 will write at /home/ysj6764/.cache/huggingface/datasets/text/default-d4501b9ae2e674eb/0.0.0/c4a140d10f020282918b5dd1b8a49f0104729c6177f60a6b49ec2a365ec69f34/cache-9477d129798a0602_00017_of_00024.arrow
Process #18 will write at /home/ysj6764/.cache/huggingface/datasets/text/default-d4501b9ae2e674eb/0.0.0/c4a140d10f020282918b5dd1b8a49f0104729c6177f60a6b49ec2a365ec69f34/cache-9477d129798a0602_00018_of_00024.arrow
Process #19 will write at /home/ysj6764/.cache/huggingface/datasets/text/default-d4501b9ae2e674eb/0.0.0/c4a140d10f020282918b5dd1b8a49f0104729c6177f60a6b49ec2a365ec69f34/cache-9477d129798a0602_00019_of_00024.arrow
Process #20 will write at /home/ysj6764/.cache/huggingface/datasets/text/default-d4501b9ae2e674eb/0.0.0/c4a140d10f020282918b5dd1b8a49f0104729c6177f60a6b49ec2a365ec69f34/cache-9477d129798a0602_00020_of_00024.arrow
Process #21 will write at /home/ysj6764/.cache/huggingface/datasets/text/default-d4501b9ae2e674eb/0.0.0/c4a140d10f020282918b5dd1b8a49f0104729c6177f60a6b49ec2a365ec69f34/cache-9477d129798a0602_00021_of_00024.arrow
Process #22 will write at /home/ysj6764/.cache/huggingface/datasets/text/default-d4501b9ae2e674eb/0.0.0/c4a140d10f020282918b5dd1b8a49f0104729c6177f60a6b49ec2a365ec69f34/cache-9477d129798a0602_00022_of_00024.arrow
Process #23 will write at /home/ysj6764/.cache/huggingface/datasets/text/default-d4501b9ae2e674eb/0.0.0/c4a140d10f020282918b5dd1b8a49f0104729c6177f60a6b49ec2a365ec69f34/cache-9477d129798a0602_00023_of_00024.arrow
Loading cached processed dataset at /home/ysj6764/.cache/huggingface/datasets/text/default-d4501b9ae2e674eb/0.0.0/c4a140d10f020282918b5dd1b8a49f0104729c6177f60a6b49ec2a365ec69f34/cache-9477d129798a0602_*_of_00024.arrow
Concatenating 24 shards
Process #0 will write at /home/ysj6764/.cache/huggingface/datasets/text/default-d4501b9ae2e674eb/0.0.0/c4a140d10f020282918b5dd1b8a49f0104729c6177f60a6b49ec2a365ec69f34/cache-bf2d34a4ab251189_00000_of_00024.arrow
Process #1 will write at /home/ysj6764/.cache/huggingface/datasets/text/default-d4501b9ae2e674eb/0.0.0/c4a140d10f020282918b5dd1b8a49f0104729c6177f60a6b49ec2a365ec69f34/cache-bf2d34a4ab251189_00001_of_00024.arrow
Process #2 will write at /home/ysj6764/.cache/huggingface/datasets/text/default-d4501b9ae2e674eb/0.0.0/c4a140d10f020282918b5dd1b8a49f0104729c6177f60a6b49ec2a365ec69f34/cache-bf2d34a4ab251189_00002_of_00024.arrow
Process #3 will write at /home/ysj6764/.cache/huggingface/datasets/text/default-d4501b9ae2e674eb/0.0.0/c4a140d10f020282918b5dd1b8a49f0104729c6177f60a6b49ec2a365ec69f34/cache-bf2d34a4ab251189_00003_of_00024.arrow
Process #4 will write at /home/ysj6764/.cache/huggingface/datasets/text/default-d4501b9ae2e674eb/0.0.0/c4a140d10f020282918b5dd1b8a49f0104729c6177f60a6b49ec2a365ec69f34/cache-bf2d34a4ab251189_00004_of_00024.arrow
Process #5 will write at /home/ysj6764/.cache/huggingface/datasets/text/default-d4501b9ae2e674eb/0.0.0/c4a140d10f020282918b5dd1b8a49f0104729c6177f60a6b49ec2a365ec69f34/cache-bf2d34a4ab251189_00005_of_00024.arrow
Process #6 will write at /home/ysj6764/.cache/huggingface/datasets/text/default-d4501b9ae2e674eb/0.0.0/c4a140d10f020282918b5dd1b8a49f0104729c6177f60a6b49ec2a365ec69f34/cache-bf2d34a4ab251189_00006_of_00024.arrow
Process #7 will write at /home/ysj6764/.cache/huggingface/datasets/text/default-d4501b9ae2e674eb/0.0.0/c4a140d10f020282918b5dd1b8a49f0104729c6177f60a6b49ec2a365ec69f34/cache-bf2d34a4ab251189_00007_of_00024.arrow
Process #8 will write at /home/ysj6764/.cache/huggingface/datasets/text/default-d4501b9ae2e674eb/0.0.0/c4a140d10f020282918b5dd1b8a49f0104729c6177f60a6b49ec2a365ec69f34/cache-bf2d34a4ab251189_00008_of_00024.arrow
Process #9 will write at /home/ysj6764/.cache/huggingface/datasets/text/default-d4501b9ae2e674eb/0.0.0/c4a140d10f020282918b5dd1b8a49f0104729c6177f60a6b49ec2a365ec69f34/cache-bf2d34a4ab251189_00009_of_00024.arrow
Process #10 will write at /home/ysj6764/.cache/huggingface/datasets/text/default-d4501b9ae2e674eb/0.0.0/c4a140d10f020282918b5dd1b8a49f0104729c6177f60a6b49ec2a365ec69f34/cache-bf2d34a4ab251189_00010_of_00024.arrow
Process #11 will write at /home/ysj6764/.cache/huggingface/datasets/text/default-d4501b9ae2e674eb/0.0.0/c4a140d10f020282918b5dd1b8a49f0104729c6177f60a6b49ec2a365ec69f34/cache-bf2d34a4ab251189_00011_of_00024.arrow
Process #12 will write at /home/ysj6764/.cache/huggingface/datasets/text/default-d4501b9ae2e674eb/0.0.0/c4a140d10f020282918b5dd1b8a49f0104729c6177f60a6b49ec2a365ec69f34/cache-bf2d34a4ab251189_00012_of_00024.arrow
Process #13 will write at /home/ysj6764/.cache/huggingface/datasets/text/default-d4501b9ae2e674eb/0.0.0/c4a140d10f020282918b5dd1b8a49f0104729c6177f60a6b49ec2a365ec69f34/cache-bf2d34a4ab251189_00013_of_00024.arrow
Process #14 will write at /home/ysj6764/.cache/huggingface/datasets/text/default-d4501b9ae2e674eb/0.0.0/c4a140d10f020282918b5dd1b8a49f0104729c6177f60a6b49ec2a365ec69f34/cache-bf2d34a4ab251189_00014_of_00024.arrow
Process #15 will write at /home/ysj6764/.cache/huggingface/datasets/text/default-d4501b9ae2e674eb/0.0.0/c4a140d10f020282918b5dd1b8a49f0104729c6177f60a6b49ec2a365ec69f34/cache-bf2d34a4ab251189_00015_of_00024.arrow
Process #16 will write at /home/ysj6764/.cache/huggingface/datasets/text/default-d4501b9ae2e674eb/0.0.0/c4a140d10f020282918b5dd1b8a49f0104729c6177f60a6b49ec2a365ec69f34/cache-bf2d34a4ab251189_00016_of_00024.arrow
Process #17 will write at /home/ysj6764/.cache/huggingface/datasets/text/default-d4501b9ae2e674eb/0.0.0/c4a140d10f020282918b5dd1b8a49f0104729c6177f60a6b49ec2a365ec69f34/cache-bf2d34a4ab251189_00017_of_00024.arrow
Process #18 will write at /home/ysj6764/.cache/huggingface/datasets/text/default-d4501b9ae2e674eb/0.0.0/c4a140d10f020282918b5dd1b8a49f0104729c6177f60a6b49ec2a365ec69f34/cache-bf2d34a4ab251189_00018_of_00024.arrow
Process #19 will write at /home/ysj6764/.cache/huggingface/datasets/text/default-d4501b9ae2e674eb/0.0.0/c4a140d10f020282918b5dd1b8a49f0104729c6177f60a6b49ec2a365ec69f34/cache-bf2d34a4ab251189_00019_of_00024.arrow
Process #20 will write at /home/ysj6764/.cache/huggingface/datasets/text/default-d4501b9ae2e674eb/0.0.0/c4a140d10f020282918b5dd1b8a49f0104729c6177f60a6b49ec2a365ec69f34/cache-bf2d34a4ab251189_00020_of_00024.arrow
Process #21 will write at /home/ysj6764/.cache/huggingface/datasets/text/default-d4501b9ae2e674eb/0.0.0/c4a140d10f020282918b5dd1b8a49f0104729c6177f60a6b49ec2a365ec69f34/cache-bf2d34a4ab251189_00021_of_00024.arrow
Process #22 will write at /home/ysj6764/.cache/huggingface/datasets/text/default-d4501b9ae2e674eb/0.0.0/c4a140d10f020282918b5dd1b8a49f0104729c6177f60a6b49ec2a365ec69f34/cache-bf2d34a4ab251189_00022_of_00024.arrow
Process #23 will write at /home/ysj6764/.cache/huggingface/datasets/text/default-d4501b9ae2e674eb/0.0.0/c4a140d10f020282918b5dd1b8a49f0104729c6177f60a6b49ec2a365ec69f34/cache-bf2d34a4ab251189_00023_of_00024.arrow
Loading cached processed dataset at /home/ysj6764/.cache/huggingface/datasets/text/default-d4501b9ae2e674eb/0.0.0/c4a140d10f020282918b5dd1b8a49f0104729c6177f60a6b49ec2a365ec69f34/cache-bf2d34a4ab251189_*_of_00024.arrow
Concatenating 24 shards
Process #0 will write at /home/ysj6764/.cache/huggingface/datasets/text/default-d4501b9ae2e674eb/0.0.0/c4a140d10f020282918b5dd1b8a49f0104729c6177f60a6b49ec2a365ec69f34/cache-74fe90fd699bfac0_00000_of_00024.arrow
Process #1 will write at /home/ysj6764/.cache/huggingface/datasets/text/default-d4501b9ae2e674eb/0.0.0/c4a140d10f020282918b5dd1b8a49f0104729c6177f60a6b49ec2a365ec69f34/cache-74fe90fd699bfac0_00001_of_00024.arrow
Process #2 will write at /home/ysj6764/.cache/huggingface/datasets/text/default-d4501b9ae2e674eb/0.0.0/c4a140d10f020282918b5dd1b8a49f0104729c6177f60a6b49ec2a365ec69f34/cache-74fe90fd699bfac0_00002_of_00024.arrow
Process #3 will write at /home/ysj6764/.cache/huggingface/datasets/text/default-d4501b9ae2e674eb/0.0.0/c4a140d10f020282918b5dd1b8a49f0104729c6177f60a6b49ec2a365ec69f34/cache-74fe90fd699bfac0_00003_of_00024.arrow
Process #4 will write at /home/ysj6764/.cache/huggingface/datasets/text/default-d4501b9ae2e674eb/0.0.0/c4a140d10f020282918b5dd1b8a49f0104729c6177f60a6b49ec2a365ec69f34/cache-74fe90fd699bfac0_00004_of_00024.arrow
Process #5 will write at /home/ysj6764/.cache/huggingface/datasets/text/default-d4501b9ae2e674eb/0.0.0/c4a140d10f020282918b5dd1b8a49f0104729c6177f60a6b49ec2a365ec69f34/cache-74fe90fd699bfac0_00005_of_00024.arrow
Process #6 will write at /home/ysj6764/.cache/huggingface/datasets/text/default-d4501b9ae2e674eb/0.0.0/c4a140d10f020282918b5dd1b8a49f0104729c6177f60a6b49ec2a365ec69f34/cache-74fe90fd699bfac0_00006_of_00024.arrow
Process #7 will write at /home/ysj6764/.cache/huggingface/datasets/text/default-d4501b9ae2e674eb/0.0.0/c4a140d10f020282918b5dd1b8a49f0104729c6177f60a6b49ec2a365ec69f34/cache-74fe90fd699bfac0_00007_of_00024.arrow
Process #8 will write at /home/ysj6764/.cache/huggingface/datasets/text/default-d4501b9ae2e674eb/0.0.0/c4a140d10f020282918b5dd1b8a49f0104729c6177f60a6b49ec2a365ec69f34/cache-74fe90fd699bfac0_00008_of_00024.arrow
Process #9 will write at /home/ysj6764/.cache/huggingface/datasets/text/default-d4501b9ae2e674eb/0.0.0/c4a140d10f020282918b5dd1b8a49f0104729c6177f60a6b49ec2a365ec69f34/cache-74fe90fd699bfac0_00009_of_00024.arrow
Process #10 will write at /home/ysj6764/.cache/huggingface/datasets/text/default-d4501b9ae2e674eb/0.0.0/c4a140d10f020282918b5dd1b8a49f0104729c6177f60a6b49ec2a365ec69f34/cache-74fe90fd699bfac0_00010_of_00024.arrow
Process #11 will write at /home/ysj6764/.cache/huggingface/datasets/text/default-d4501b9ae2e674eb/0.0.0/c4a140d10f020282918b5dd1b8a49f0104729c6177f60a6b49ec2a365ec69f34/cache-74fe90fd699bfac0_00011_of_00024.arrow
Process #12 will write at /home/ysj6764/.cache/huggingface/datasets/text/default-d4501b9ae2e674eb/0.0.0/c4a140d10f020282918b5dd1b8a49f0104729c6177f60a6b49ec2a365ec69f34/cache-74fe90fd699bfac0_00012_of_00024.arrow
Process #13 will write at /home/ysj6764/.cache/huggingface/datasets/text/default-d4501b9ae2e674eb/0.0.0/c4a140d10f020282918b5dd1b8a49f0104729c6177f60a6b49ec2a365ec69f34/cache-74fe90fd699bfac0_00013_of_00024.arrow
Process #14 will write at /home/ysj6764/.cache/huggingface/datasets/text/default-d4501b9ae2e674eb/0.0.0/c4a140d10f020282918b5dd1b8a49f0104729c6177f60a6b49ec2a365ec69f34/cache-74fe90fd699bfac0_00014_of_00024.arrow
Process #15 will write at /home/ysj6764/.cache/huggingface/datasets/text/default-d4501b9ae2e674eb/0.0.0/c4a140d10f020282918b5dd1b8a49f0104729c6177f60a6b49ec2a365ec69f34/cache-74fe90fd699bfac0_00015_of_00024.arrow
Process #16 will write at /home/ysj6764/.cache/huggingface/datasets/text/default-d4501b9ae2e674eb/0.0.0/c4a140d10f020282918b5dd1b8a49f0104729c6177f60a6b49ec2a365ec69f34/cache-74fe90fd699bfac0_00016_of_00024.arrow
Process #17 will write at /home/ysj6764/.cache/huggingface/datasets/text/default-d4501b9ae2e674eb/0.0.0/c4a140d10f020282918b5dd1b8a49f0104729c6177f60a6b49ec2a365ec69f34/cache-74fe90fd699bfac0_00017_of_00024.arrow
Process #18 will write at /home/ysj6764/.cache/huggingface/datasets/text/default-d4501b9ae2e674eb/0.0.0/c4a140d10f020282918b5dd1b8a49f0104729c6177f60a6b49ec2a365ec69f34/cache-74fe90fd699bfac0_00018_of_00024.arrow
Process #19 will write at /home/ysj6764/.cache/huggingface/datasets/text/default-d4501b9ae2e674eb/0.0.0/c4a140d10f020282918b5dd1b8a49f0104729c6177f60a6b49ec2a365ec69f34/cache-74fe90fd699bfac0_00019_of_00024.arrow
Process #20 will write at /home/ysj6764/.cache/huggingface/datasets/text/default-d4501b9ae2e674eb/0.0.0/c4a140d10f020282918b5dd1b8a49f0104729c6177f60a6b49ec2a365ec69f34/cache-74fe90fd699bfac0_00020_of_00024.arrow
Process #21 will write at /home/ysj6764/.cache/huggingface/datasets/text/default-d4501b9ae2e674eb/0.0.0/c4a140d10f020282918b5dd1b8a49f0104729c6177f60a6b49ec2a365ec69f34/cache-74fe90fd699bfac0_00021_of_00024.arrow
Process #22 will write at /home/ysj6764/.cache/huggingface/datasets/text/default-d4501b9ae2e674eb/0.0.0/c4a140d10f020282918b5dd1b8a49f0104729c6177f60a6b49ec2a365ec69f34/cache-74fe90fd699bfac0_00022_of_00024.arrow
Process #23 will write at /home/ysj6764/.cache/huggingface/datasets/text/default-d4501b9ae2e674eb/0.0.0/c4a140d10f020282918b5dd1b8a49f0104729c6177f60a6b49ec2a365ec69f34/cache-74fe90fd699bfac0_00023_of_00024.arrow
Loading cached processed dataset at /home/ysj6764/.cache/huggingface/datasets/text/default-d4501b9ae2e674eb/0.0.0/c4a140d10f020282918b5dd1b8a49f0104729c6177f60a6b49ec2a365ec69f34/cache-74fe90fd699bfac0_*_of_00024.arrow
Concatenating 24 shards
/projects/p32301/DNABERT/gcc9_env/lib/python3.11/site-packages/accelerate/accelerator.py:436: FutureWarning: Passing the following arguments to `Accelerator` is deprecated and will be removed in version 1.0 of Accelerate: dict_keys(['dispatch_batches', 'split_batches', 'even_batches', 'use_seedable_sampler']). Please pass an `accelerate.DataLoaderConfiguration` instead: 
dataloader_config = DataLoaderConfiguration(dispatch_batches=None, split_batches=False, even_batches=True, use_seedable_sampler=True)
  warnings.warn(
[INFO|trainer.py:558] 2024-05-18 12:12:21,216 >> max_steps is given, it will override any value given in num_train_epochs
[INFO|trainer.py:2348] 2024-05-18 12:12:21,219 >> Loading model from /projects/p32301/DNABERT/models/dnabert2_pretrain_debug_200K/checkpoint-10000.
[WARNING|trainer.py:2545] 2024-05-18 12:12:21,260 >> There were missing keys in the checkpoint model loaded: ['cls.predictions.decoder.weight'].
[INFO|trainer.py:765] 2024-05-18 12:12:21,422 >> The following columns in the training set don't have a corresponding argument in `BertForMaskedLM.forward` and have been ignored: special_tokens_mask. If special_tokens_mask are not expected by `BertForMaskedLM.forward`,  you can safely ignore this message.
/projects/p32301/DNABERT/gcc9_env/lib/python3.11/site-packages/accelerate/accelerator.py:436: FutureWarning: Passing the following arguments to `Accelerator` is deprecated and will be removed in version 1.0 of Accelerate: dict_keys(['dispatch_batches', 'split_batches', 'even_batches', 'use_seedable_sampler']). Please pass an `accelerate.DataLoaderConfiguration` instead: 
dataloader_config = DataLoaderConfiguration(dispatch_batches=None, split_batches=False, even_batches=True, use_seedable_sampler=True)
  warnings.warn(
/projects/p32301/DNABERT/gcc9_env/lib/python3.11/site-packages/accelerate/accelerator.py:436: FutureWarning: Passing the following arguments to `Accelerator` is deprecated and will be removed in version 1.0 of Accelerate: dict_keys(['dispatch_batches', 'split_batches', 'even_batches', 'use_seedable_sampler']). Please pass an `accelerate.DataLoaderConfiguration` instead: 
dataloader_config = DataLoaderConfiguration(dispatch_batches=None, split_batches=False, even_batches=True, use_seedable_sampler=True)
  warnings.warn(
[WARNING|trainer.py:2545] 2024-05-18 12:12:23,274 >> There were missing keys in the checkpoint model loaded: ['cls.predictions.decoder.weight'].
/projects/p32301/DNABERT/gcc9_env/lib/python3.11/site-packages/accelerate/accelerator.py:436: FutureWarning: Passing the following arguments to `Accelerator` is deprecated and will be removed in version 1.0 of Accelerate: dict_keys(['dispatch_batches', 'split_batches', 'even_batches', 'use_seedable_sampler']). Please pass an `accelerate.DataLoaderConfiguration` instead: 
dataloader_config = DataLoaderConfiguration(dispatch_batches=None, split_batches=False, even_batches=True, use_seedable_sampler=True)
  warnings.warn(
[WARNING|trainer.py:2545] 2024-05-18 12:12:23,450 >> There were missing keys in the checkpoint model loaded: ['cls.predictions.decoder.weight'].
[WARNING|trainer.py:2545] 2024-05-18 12:12:23,464 >> There were missing keys in the checkpoint model loaded: ['cls.predictions.decoder.weight'].
Traceback (most recent call last):
Traceback (most recent call last):
  File "/projects/p32301/DNABERT/DNABERT-2/run_mlm_debug.py", line 710, in <module>
  File "/projects/p32301/DNABERT/DNABERT-2/run_mlm_debug.py", line 710, in <module>
Traceback (most recent call last):
  File "/projects/p32301/DNABERT/DNABERT-2/run_mlm_debug.py", line 710, in <module>
Traceback (most recent call last):
  File "/projects/p32301/DNABERT/DNABERT-2/run_mlm_debug.py", line 710, in <module>
        main()    main()
main()

    main()
  File "/projects/p32301/DNABERT/DNABERT-2/run_mlm_debug.py", line 659, in main
  File "/projects/p32301/DNABERT/DNABERT-2/run_mlm_debug.py", line 659, in main
  File "/projects/p32301/DNABERT/DNABERT-2/run_mlm_debug.py", line 659, in main
  File "/projects/p32301/DNABERT/DNABERT-2/run_mlm_debug.py", line 659, in main
    train_result = trainer.train(resume_from_checkpoint=checkpoint)
    train_result = trainer.train(resume_from_checkpoint=checkpoint)    
train_result = trainer.train(resume_from_checkpoint=checkpoint)
    train_result = trainer.train(resume_from_checkpoint=checkpoint) 
                                                             ^   ^   ^   ^ ^ ^ ^^^ ^^^ ^^^^^^^^^^^^^^^^^^^^^^^^^^^^^^^^^^^^^^^^^^^^^^^^^^^^^^^^^^^^^^^^^^^^^^^^^^^^^^^^^^^^^^^^^^^^^^^^^^^^^^^^^^^^^^^^^^^^^^^^^^^^^^^^^^^^^^^^^^^^^^^^^^^^^^^^^^^^^^^^^^^^^^
^^^^^^^  File "/projects/p32301/DNABERT/gcc9_env/lib/python3.11/site-packages/transformers/trainer.py", line 1780, in train
^^^
^^
^  File "/projects/p32301/DNABERT/gcc9_env/lib/python3.11/site-packages/transformers/trainer.py", line 1780, in train
^
  File "/projects/p32301/DNABERT/gcc9_env/lib/python3.11/site-packages/transformers/trainer.py", line 1780, in train
  File "/projects/p32301/DNABERT/gcc9_env/lib/python3.11/site-packages/transformers/trainer.py", line 1780, in train
    return inner_training_loop(
                    return inner_training_loop( return inner_training_loop(
 
  ^  ^  ^  ^  ^  ^  ^  ^  ^  ^  ^ ^^^^^^^^^^^^^^^^^^^^^^^^^^^^
^^^^^^  File "/projects/p32301/DNABERT/gcc9_env/lib/python3.11/site-packages/transformers/trainer.py", line 1961, in _inner_training_loop
^^^^^^^^^^^^^^^

return inner_training_loop(
  File "/projects/p32301/DNABERT/gcc9_env/lib/python3.11/site-packages/transformers/trainer.py", line 1961, in _inner_training_loop
  File "/projects/p32301/DNABERT/gcc9_env/lib/python3.11/site-packages/transformers/trainer.py", line 1961, in _inner_training_loop
           ^^^^^^^^^^^^^^^^^^^^
  File "/projects/p32301/DNABERT/gcc9_env/lib/python3.11/site-packages/transformers/trainer.py", line 1961, in _inner_training_loop
    self._load_optimizer_and_scheduler(resume_from_checkpoint)
  File "/projects/p32301/DNABERT/gcc9_env/lib/python3.11/site-packages/transformers/trainer.py", line 2854, in _load_optimizer_and_scheduler
    self._load_optimizer_and_scheduler(resume_from_checkpoint)    
self._load_optimizer_and_scheduler(resume_from_checkpoint)
  File "/projects/p32301/DNABERT/gcc9_env/lib/python3.11/site-packages/transformers/trainer.py", line 2854, in _load_optimizer_and_scheduler
  File "/projects/p32301/DNABERT/gcc9_env/lib/python3.11/site-packages/transformers/trainer.py", line 2854, in _load_optimizer_and_scheduler
    self._load_optimizer_and_scheduler(resume_from_checkpoint)
  File "/projects/p32301/DNABERT/gcc9_env/lib/python3.11/site-packages/transformers/trainer.py", line 2854, in _load_optimizer_and_scheduler
    torch.load(os.path.join(checkpoint, OPTIMIZER_NAME), map_location=map_location)
  File "/projects/p32301/DNABERT/gcc9_env/lib/python3.11/site-packages/torch/serialization.py", line 1026, in load
    torch.load(os.path.join(checkpoint, OPTIMIZER_NAME), map_location=map_location)
    torch.load(os.path.join(checkpoint, OPTIMIZER_NAME), map_location=map_location)
  File "/projects/p32301/DNABERT/gcc9_env/lib/python3.11/site-packages/torch/serialization.py", line 1026, in load
  File "/projects/p32301/DNABERT/gcc9_env/lib/python3.11/site-packages/torch/serialization.py", line 1026, in load
    torch.load(os.path.join(checkpoint, OPTIMIZER_NAME), map_location=map_location)
  File "/projects/p32301/DNABERT/gcc9_env/lib/python3.11/site-packages/torch/serialization.py", line 1026, in load
    return _load(opened_zipfile,
    return _load(opened_zipfile,        
return _load(opened_zipfile, return _load(opened_zipfile,
 
                                    ^   ^ ^ ^ ^^^^^^^^^^^^^^^^^^^^^^^^^^^^^^^^^^^^^^^^^^^^^^^^^^^^^^^^^^^^^^^^^^^^^^^^^^
^^^^
^  File "/projects/p32301/DNABERT/gcc9_env/lib/python3.11/site-packages/torch/serialization.py", line 1438, in _load
^

  File "/projects/p32301/DNABERT/gcc9_env/lib/python3.11/site-packages/torch/serialization.py", line 1438, in _load
  File "/projects/p32301/DNABERT/gcc9_env/lib/python3.11/site-packages/torch/serialization.py", line 1438, in _load
  File "/projects/p32301/DNABERT/gcc9_env/lib/python3.11/site-packages/torch/serialization.py", line 1438, in _load
    result = unpickler.load()
    result = unpickler.load()
        result = unpickler.load() result = unpickler.load()
  
                                      ^   ^   ^^  ^^  ^^^ ^^^^^^^^^^^^^^^^^^^^^^^^^^^^^^^^^^^^^^^^^^^^
^^^^^^  File "/projects/p32301/DNABERT/gcc9_env/lib/python3.11/site-packages/torch/serialization.py", line 1408, in persistent_load

^^^^  File "/projects/p32301/DNABERT/gcc9_env/lib/python3.11/site-packages/torch/serialization.py", line 1408, in persistent_load

^
  File "/projects/p32301/DNABERT/gcc9_env/lib/python3.11/site-packages/torch/serialization.py", line 1408, in persistent_load
  File "/projects/p32301/DNABERT/gcc9_env/lib/python3.11/site-packages/torch/serialization.py", line 1408, in persistent_load
    typed_storage = load_tensor(dtype, nbytes, key, _maybe_decode_ascii(location))
    typed_storage = load_tensor(dtype, nbytes, key, _maybe_decode_ascii(location))
           typed_storage = load_tensor(dtype, nbytes, key, _maybe_decode_ascii(location))typed_storage = load_tensor(dtype, nbytes, key, _maybe_decode_ascii(location)) 
 
                                                         ^   ^   ^   ^^  ^^  ^^  ^^  ^^^ ^^^^^^^^^^^^^^^^^^^^^^^^^^^^^^^^^^^^^^^^^^^^^^^^^^^^^^^^^^^^^^^^^^^^^^^^^^^^^^^^^^^^^^^^^^^^^^^^^^^^^^^^^^^^^^^^^^^^^^^^^^^^^^^^^^^^^^^^^^^^^^^^^^^^^^^^^^^^^^^^^^^^^^^^^^^^^^^^^^^^^^^^^^^^^^^^^^^^^^^^^^^^^^^^^^^^^^^^
^^^^^^  File "/projects/p32301/DNABERT/gcc9_env/lib/python3.11/site-packages/torch/serialization.py", line 1382, in load_tensor
^^^
^^^^  File "/projects/p32301/DNABERT/gcc9_env/lib/python3.11/site-packages/torch/serialization.py", line 1382, in load_tensor
^^^^
^
  File "/projects/p32301/DNABERT/gcc9_env/lib/python3.11/site-packages/torch/serialization.py", line 1382, in load_tensor
  File "/projects/p32301/DNABERT/gcc9_env/lib/python3.11/site-packages/torch/serialization.py", line 1382, in load_tensor
    wrap_storage=restore_location(storage, location),
    wrap_storage=restore_location(storage, location), 
                  wrap_storage=restore_location(storage, location), wrap_storage=restore_location(storage, location), 
 
                          ^   ^   ^   ^   ^   ^^  ^^  ^^  ^^  ^^  ^^  ^^^ ^^^^^^^^^^^^^^^^^^^^^^^^^^^^^^^^^^^^^^^^^^^^^^^^^^^^^^^^^^^^^^^^^^^^^^^^^^^^^^^^^^^^^^^^^^^^
^^^^^^  File "/projects/p32301/DNABERT/gcc9_env/lib/python3.11/site-packages/torch/serialization.py", line 1311, in restore_location
^^^^^^^^^
^^^^  File "/projects/p32301/DNABERT/gcc9_env/lib/python3.11/site-packages/torch/serialization.py", line 1311, in restore_location
^^^^^^^^
^
  File "/projects/p32301/DNABERT/gcc9_env/lib/python3.11/site-packages/torch/serialization.py", line 1311, in restore_location
  File "/projects/p32301/DNABERT/gcc9_env/lib/python3.11/site-packages/torch/serialization.py", line 1311, in restore_location
    return default_restore_location(storage, str(map_location))
            return default_restore_location(storage, str(map_location)) 
  ^^^^ ^^         ^ return default_restore_location(storage, str(map_location))return default_restore_location(storage, str(map_location))^ 

^ ^  ^   ^   ^   ^   ^ ^ ^ ^ ^ ^ ^ ^ ^ ^ ^ ^ ^ ^ ^^^^^^^^^^^^^^^^^^^^^^^^^^^^^^^^^^^^^^^^^^^^^^^^^^^^^^^
  File "/projects/p32301/DNABERT/gcc9_env/lib/python3.11/site-packages/torch/serialization.py", line 394, in default_restore_location
^^^^^^^^^^^^^^^^^^^^^    ^raise RuntimeError("don't know how to restore data location of "^
^^RuntimeError^: ^don't know how to restore data location of torch.storage.UntypedStorage (tagged with cpu:1)^
^^
^^  File "/projects/p32301/DNABERT/gcc9_env/lib/python3.11/site-packages/torch/serialization.py", line 394, in default_restore_location
^^^^^^^^^^^^^^^^^^^^^^    ^raise RuntimeError("don't know how to restore data location of "^
^^^RuntimeError^: ^don't know how to restore data location of torch.storage.UntypedStorage (tagged with cpu:2)^
^^^^^^^^^^^^^^^^^^^
^^  File "/projects/p32301/DNABERT/gcc9_env/lib/python3.11/site-packages/torch/serialization.py", line 394, in default_restore_location
^^^^^^^^^^^^^^^^^^^^^^^^^^^    ^raise RuntimeError("don't know how to restore data location of "^
^^RuntimeError^: ^don't know how to restore data location of torch.storage.UntypedStorage (tagged with cpu:0)^
^^^^^^^^
  File "/projects/p32301/DNABERT/gcc9_env/lib/python3.11/site-packages/torch/serialization.py", line 394, in default_restore_location
    raise RuntimeError("don't know how to restore data location of "
RuntimeError: don't know how to restore data location of torch.storage.UntypedStorage (tagged with cpu:3)
[2024-05-18 12:12:35,407] torch.distributed.elastic.multiprocessing.api: [ERROR] failed (exitcode: 1) local_rank: 0 (pid: 49860) of binary: /projects/p32301/DNABERT/gcc9_env/bin/python
Traceback (most recent call last):
  File "/projects/p32301/DNABERT/gcc9_env/bin/torchrun", line 8, in <module>
    sys.exit(main())
             ^^^^^^
  File "/projects/p32301/DNABERT/gcc9_env/lib/python3.11/site-packages/torch/distributed/elastic/multiprocessing/errors/__init__.py", line 347, in wrapper
    return f(*args, **kwargs)
           ^^^^^^^^^^^^^^^^^^
  File "/projects/p32301/DNABERT/gcc9_env/lib/python3.11/site-packages/torch/distributed/run.py", line 812, in main
    run(args)
  File "/projects/p32301/DNABERT/gcc9_env/lib/python3.11/site-packages/torch/distributed/run.py", line 803, in run
    elastic_launch(
  File "/projects/p32301/DNABERT/gcc9_env/lib/python3.11/site-packages/torch/distributed/launcher/api.py", line 135, in __call__
    return launch_agent(self._config, self._entrypoint, list(args))
           ^^^^^^^^^^^^^^^^^^^^^^^^^^^^^^^^^^^^^^^^^^^^^^^^^^^^^^^^
  File "/projects/p32301/DNABERT/gcc9_env/lib/python3.11/site-packages/torch/distributed/launcher/api.py", line 268, in launch_agent
    raise ChildFailedError(
torch.distributed.elastic.multiprocessing.errors.ChildFailedError: 
============================================================
run_mlm_debug.py FAILED
------------------------------------------------------------
Failures:
[1]:
  time      : 2024-05-18_12:12:35
  host      : qgpu2013.quest.it.northwestern.edu
  rank      : 1 (local_rank: 1)
  exitcode  : 1 (pid: 49861)
  error_file: <N/A>
  traceback : To enable traceback see: https://pytorch.org/docs/stable/elastic/errors.html
[2]:
  time      : 2024-05-18_12:12:35
  host      : qgpu2013.quest.it.northwestern.edu
  rank      : 2 (local_rank: 2)
  exitcode  : 1 (pid: 49862)
  error_file: <N/A>
  traceback : To enable traceback see: https://pytorch.org/docs/stable/elastic/errors.html
[3]:
  time      : 2024-05-18_12:12:35
  host      : qgpu2013.quest.it.northwestern.edu
  rank      : 3 (local_rank: 3)
  exitcode  : 1 (pid: 49863)
  error_file: <N/A>
  traceback : To enable traceback see: https://pytorch.org/docs/stable/elastic/errors.html
------------------------------------------------------------
Root Cause (first observed failure):
[0]:
  time      : 2024-05-18_12:12:35
  host      : qgpu2013.quest.it.northwestern.edu
  rank      : 0 (local_rank: 0)
  exitcode  : 1 (pid: 49860)
  error_file: <N/A>
  traceback : To enable traceback see: https://pytorch.org/docs/stable/elastic/errors.html
============================================================
